<?xml version="1.0" encoding="UTF-8"?>
<testng-results ignored="0" total="1" passed="1" failed="0" skipped="0">
  <reporter-output>
    <line>
      <![CDATA[TestCase is Passed]]>
    </line>
  </reporter-output>
  <suite started-at="2024-11-19T13:52:07 IST" name="Suite" finished-at="2024-11-19T13:52:21 IST" duration-ms="14450">
    <groups>
    </groups>
    <test started-at="2024-11-19T13:52:07 IST" name="Test" finished-at="2024-11-19T13:52:21 IST" duration-ms="14450">
      <class name="SampleProject.ONE.AddITem">
        <test-method is-config="true" signature="setUP()[pri:0, instance:SampleProject.ONE.AddITem@73e9cf30]" started-at="2024-11-19T13:52:07 IST" name="setUP" finished-at="2024-11-19T13:52:14 IST" duration-ms="7002" status="PASS">
          <reporter-output>
          </reporter-output>
        </test-method> <!-- setUP -->
        <test-method signature="addTest(java.lang.String)[pri:0, instance:SampleProject.ONE.AddITem@73e9cf30]" started-at="2024-11-19T13:52:14 IST" name="addTest" data-provider="inputs" finished-at="2024-11-19T13:52:21 IST" duration-ms="6868" status="PASS">
          <params>
            <param index="0">
              <value>
                <![CDATA[bag]]>
              </value>
            </param>
          </params>
          <reporter-output>
            <line>
              <![CDATA[TestCase is Passed]]>
            </line>
          </reporter-output>
        </test-method> <!-- addTest -->
        <test-method is-config="true" signature="tearDown()[pri:0, instance:SampleProject.ONE.AddITem@73e9cf30]" started-at="2024-11-19T13:52:21 IST" name="tearDown" finished-at="2024-11-19T13:52:21 IST" duration-ms="368" status="PASS">
          <reporter-output>
          </reporter-output>
        </test-method> <!-- tearDown -->
      </class> <!-- SampleProject.ONE.AddITem -->
    </test> <!-- Test -->
  </suite> <!-- Suite -->
</testng-results>
